Build started 2013-01-25 14:27:37.
     1>Project "C:\Users\Zeus\Desktop\School\GPIIBase\GPIIBase\GPIIBase\GPIIBase.vcxproj" on node 2 (Build target(s)).
     1>C:\Program Files (x86)\MSBuild\Microsoft.Cpp\v4.0\V110\Microsoft.CppBuild.targets(346,5): warning MSB8004: Output Directory does not end with a trailing slash.  This build instance will add the slash as it is required to allow proper evaluation of the Output Directory.
     1>InitializeBuildStatus:
         Creating "../build/GPIIBaseRelease\GPIIBase.unsuccessfulbuild" because "AlwaysCreate" was specified.
       ClCompile:
         C:\Program Files (x86)\Microsoft Visual Studio 11.0\VC\bin\CL.exe /c /Zi /nologo /W3 /WX- /O2 /Oi /Oy- /GL /D WIN32 /D NDEBUG /D _WINDOWS /D _UNICODE /D UNICODE /Gm- /EHsc /MT /GS /Gy /fp:precise /Zc:wchar_t /Zc:forScope /Yc"stdafx.h" /Fp"../build/GPIIBaseRelease\GPIIBase_Release32.pch" /Fo"../build/GPIIBaseRelease\\" /Fd"../build/GPIIBaseRelease\vc110.pdb" /Gd /TP /analyze- /errorReport:prompt stdafx.cpp
         stdafx.cpp
         All outputs are up-to-date.
         C:\Program Files (x86)\Microsoft Visual Studio 11.0\VC\bin\CL.exe /c /Zi /nologo /W3 /WX- /O2 /Oi /Oy- /GL /D WIN32 /D NDEBUG /D _WINDOWS /D _UNICODE /D UNICODE /Gm- /EHsc /MT /GS /Gy /fp:precise /Zc:wchar_t /Zc:forScope /Yu"stdafx.h" /Fp"../build/GPIIBaseRelease\GPIIBase_Release32.pch" /Fo"../build/GPIIBaseRelease\\" /Fd"../build/GPIIBaseRelease\vc110.pdb" /Gd /TP /analyze- /errorReport:prompt uMath.cpp uSystem.cpp winmain.cpp
         uMath.cpp
         uSystem.cpp
         winmain.cpp
       ResourceCompile:
         All outputs are up-to-date.
       Link:
         C:\Program Files (x86)\Microsoft Visual Studio 11.0\VC\bin\link.exe /ERRORREPORT:PROMPT /OUT:"../bin\GPIIBase_Release32.exe" /INCREMENTAL:NO /NOLOGO kernel32.lib user32.lib gdi32.lib winspool.lib comdlg32.lib advapi32.lib shell32.lib ole32.lib oleaut32.lib uuid.lib odbc32.lib odbccp32.lib /MANIFEST /MANIFESTUAC:"level='asInvoker' uiAccess='false'" /manifest:embed /DEBUG /PDB:"../bin\GPIIBase_Release32.pdb" /SUBSYSTEM:WINDOWS /OPT:REF /OPT:ICF /LTCG /TLBID:1 /DYNAMICBASE /NXCOMPAT /IMPLIB:"../bin\GPIIBase_Release32.lib" /MACHINE:X86 /SAFESEH ../build/GPIIBaseRelease\GPIIBase.res
         ../build/GPIIBaseRelease\uMath.obj
         ../build/GPIIBaseRelease\uSystem.obj
         ../build/GPIIBaseRelease\winmain.obj
         ../build/GPIIBaseRelease\stdafx.obj
         Generating code
         Finished generating code
         GPIIBase.vcxproj -> C:\Users\Zeus\Desktop\School\GPIIBase\GPIIBase\GPIIBase\../bin\GPIIBase_Release32.exe
       FinalizeBuildStatus:
         Deleting file "../build/GPIIBaseRelease\GPIIBase.unsuccessfulbuild".
         Touching "../build/GPIIBaseRelease\GPIIBase.lastbuildstate".
     1>Done Building Project "C:\Users\Zeus\Desktop\School\GPIIBase\GPIIBase\GPIIBase\GPIIBase.vcxproj" (Build target(s)).

Build succeeded.

Time Elapsed 00:00:02.95
