Build started 2013-01-25 14:27:43.
     1>Project "C:\Users\Zeus\Desktop\School\GPIIBase\GPIIBase\GPIIBase\GPIIBase.vcxproj" on node 2 (Build target(s)).
     1>C:\Program Files (x86)\MSBuild\Microsoft.Cpp\v4.0\V110\Microsoft.CppBuild.targets(346,5): warning MSB8004: Output Directory does not end with a trailing slash.  This build instance will add the slash as it is required to allow proper evaluation of the Output Directory.
     1>InitializeBuildStatus:
         Creating "../build/GPIIBaseDebug\GPIIBase.unsuccessfulbuild" because "AlwaysCreate" was specified.
       ClCompile:
         C:\Program Files (x86)\Microsoft Visual Studio 11.0\VC\bin\CL.exe /c /ZI /nologo /W3 /WX- /Od /Oy- /D WIN32 /D _DEBUG /D _WINDOWS /D _UNICODE /D UNICODE /Gm /EHsc /RTC1 /MTd /GS /fp:precise /Zc:wchar_t /Zc:forScope /Yc"stdafx.h" /Fp"../build/GPIIBaseDebug\GPIIBase_Debug32.pch" /Fo"../build/GPIIBaseDebug\\" /Fd"../build/GPIIBaseDebug\vc110.pdb" /Gd /TP /analyze- /errorReport:prompt stdafx.cpp
         stdafx.cpp
         All outputs are up-to-date.
         C:\Program Files (x86)\Microsoft Visual Studio 11.0\VC\bin\CL.exe /c /ZI /nologo /W3 /WX- /Od /Oy- /D WIN32 /D _DEBUG /D _WINDOWS /D _UNICODE /D UNICODE /Gm /EHsc /RTC1 /MTd /GS /fp:precise /Zc:wchar_t /Zc:forScope /Yu"stdafx.h" /Fp"../build/GPIIBaseDebug\GPIIBase_Debug32.pch" /Fo"../build/GPIIBaseDebug\\" /Fd"../build/GPIIBaseDebug\vc110.pdb" /Gd /TP /analyze- /errorReport:prompt uMath.cpp uSystem.cpp winmain.cpp
         winmain.cpp
         uSystem.cpp
         uMath.cpp
         Generating Code...
       ResourceCompile:
         All outputs are up-to-date.
       Link:
         C:\Program Files (x86)\Microsoft Visual Studio 11.0\VC\bin\link.exe /ERRORREPORT:PROMPT /OUT:"../bin\GPIIBase_Debug32.exe" /INCREMENTAL /NOLOGO kernel32.lib user32.lib gdi32.lib winspool.lib comdlg32.lib advapi32.lib shell32.lib ole32.lib oleaut32.lib uuid.lib odbc32.lib odbccp32.lib /MANIFEST /MANIFESTUAC:"level='asInvoker' uiAccess='false'" /manifest:embed /DEBUG /PDB:"../bin\GPIIBase_Debug32.pdb" /SUBSYSTEM:WINDOWS /TLBID:1 /DYNAMICBASE /NXCOMPAT /IMPLIB:"../bin\GPIIBase_Debug32.lib" /MACHINE:X86 ../build/GPIIBaseDebug\GPIIBase.res
         ../build/GPIIBaseDebug\uMath.obj
         ../build/GPIIBaseDebug\uSystem.obj
         ../build/GPIIBaseDebug\winmain.obj
         ../build/GPIIBaseDebug\stdafx.obj
         GPIIBase.vcxproj -> C:\Users\Zeus\Desktop\School\GPIIBase\GPIIBase\GPIIBase\../bin\GPIIBase_Debug32.exe
       FinalizeBuildStatus:
         Deleting file "../build/GPIIBaseDebug\GPIIBase.unsuccessfulbuild".
         Touching "../build/GPIIBaseDebug\GPIIBase.lastbuildstate".
     1>Done Building Project "C:\Users\Zeus\Desktop\School\GPIIBase\GPIIBase\GPIIBase\GPIIBase.vcxproj" (Build target(s)).

Build succeeded.

Time Elapsed 00:00:03.41
